<?xml version="1.0" encoding="UTF-8"?>
<!-- Generated by org.testng.reporters.JUnitXMLReporter -->
<testsuite ignored="0" hostname="Rayhans-MacBook-Air.local" failures="1" tests="5" name="Before and After Test Annotations" time="0.024" errors="0" timestamp="2023-06-26T03:21:21 EDT">
  <testcase classname="com.Ebay.tests.Demo_Test" name="test2" time="0.004"/>
  <testcase classname="com.Ebay.tests.Demo_Test" name="test3" time="0.0"/>
  <testcase classname="com.Ebay.tests.Demo_Test" name="test4" time="0.001"/>
  <testcase classname="com.Ebay.tests.Demo_Test" name="test5" time="0.0">
    <failure type="org.testng.TestNGException" message="
Cannot inject @Test annotated Method [test5] with [class java.lang.String, class java.lang.String, class java.lang.String].
For more information on native dependency injection please refer to https://testng.org/doc/documentation-main.html#native-dependency-injection">
      <![CDATA[org.testng.TestNGException: 
Cannot inject @Test annotated Method [test5] with [class java.lang.String, class java.lang.String, class java.lang.String].
For more information on native dependency injection please refer to https://testng.org/doc/documentation-main.html#native-dependency-injection
at java.base/java.util.ArrayList.forEach(ArrayList.java:1511)
... Removed 26 stack frames]]>
    </failure>
  </testcase> <!-- test5 -->
  <testcase classname="com.Ebay.tests.Demo_Test" name="test1" time="0.001"/>
</testsuite> <!-- Before and After Test Annotations -->
