<?xml version="1.0" encoding="UTF-8"?>
<!-- Generated by org.testng.reporters.JUnitXMLReporter -->
<testsuite ignored="2" hostname="Rayhans-MacBook-Air.local" failures="0" tests="1" name="Release 2023.6 Sanity Testing" time="6.087" errors="0" timestamp="2023-06-26T02:45:45 EDT">
  <testcase classname="com.Ebay.tests.EbayAdvanchedSearch_Regression" name="ebayAdvancedCetegorySearch" time="3.872"/>
  <testcase classname="com.Ebay.tests.Ebay_Home_Sanity" name="searchField" time="0.0">
    <ignored/>
  </testcase> <!-- searchField -->
  <testcase classname="com.Ebay.tests.EbayAdvanchedSearch_Regression" name="restAdvancedSearch" time="0.0">
    <ignored/>
  </testcase> <!-- restAdvancedSearch -->
</testsuite> <!-- Release 2023.6 Sanity Testing -->
