<?xml version="1.0" encoding="UTF-8"?>
<!-- Generated by org.testng.reporters.JUnitXMLReporter -->
<testsuite ignored="0" hostname="Rayhans-MacBook-Air.local" failures="3" tests="3" name="relase 2023.6" time="0.024" errors="0" timestamp="2023-06-26T03:55:36 EDT">
  <testcase classname="com.Ebay.tests.Ebay_Home_Sanity" name="searchField" time="0.004">
    <failure type="java.lang.NullPointerException" message="Cannot invoke &amp;quot;com.Ebay.lib.AppLib.Flow()&amp;quot; because the return value of &amp;quot;com.Ebay.tests.Ebay_Home_Sanity.App()&amp;quot; is null">
      <![CDATA[java.lang.NullPointerException: Cannot invoke "com.Ebay.lib.AppLib.Flow()" because the return value of "com.Ebay.tests.Ebay_Home_Sanity.App()" is null
at com.Ebay.tests.Ebay_Home_Sanity.searchField(Ebay_Home_Sanity.java:12)
at java.base/java.util.ArrayList.forEach(ArrayList.java:1511)
... Removed 25 stack frames]]>
    </failure>
  </testcase> <!-- searchField -->
  <testcase classname="com.Ebay.tests.EbayAdvanchedSearch_Regression" name="ebayAdvancedCetegorySearch" time="0.0">
    <failure type="java.lang.NullPointerException" message="Cannot invoke &amp;quot;com.Ebay.lib.AppLib.Flow()&amp;quot; because the return value of &amp;quot;com.Ebay.tests.EbayAdvanchedSearch_Regression.App()&amp;quot; is null">
      <![CDATA[java.lang.NullPointerException: Cannot invoke "com.Ebay.lib.AppLib.Flow()" because the return value of "com.Ebay.tests.EbayAdvanchedSearch_Regression.App()" is null
at com.Ebay.tests.EbayAdvanchedSearch_Regression.ebayAdvancedCetegorySearch(EbayAdvanchedSearch_Regression.java:11)
at java.base/java.util.ArrayList.forEach(ArrayList.java:1511)
... Removed 25 stack frames]]>
    </failure>
  </testcase> <!-- ebayAdvancedCetegorySearch -->
  <testcase classname="com.Ebay.tests.EbayAdvanchedSearch_Regression" name="restAdvancedSearch" time="0.001">
    <failure type="java.lang.NullPointerException" message="Cannot invoke &amp;quot;com.Ebay.lib.AppLib.Flow()&amp;quot; because the return value of &amp;quot;com.Ebay.tests.EbayAdvanchedSearch_Regression.App()&amp;quot; is null">
      <![CDATA[java.lang.NullPointerException: Cannot invoke "com.Ebay.lib.AppLib.Flow()" because the return value of "com.Ebay.tests.EbayAdvanchedSearch_Regression.App()" is null
at com.Ebay.tests.EbayAdvanchedSearch_Regression.restAdvancedSearch(EbayAdvanchedSearch_Regression.java:22)
at java.base/java.util.ArrayList.forEach(ArrayList.java:1511)
... Removed 25 stack frames]]>
    </failure>
  </testcase> <!-- restAdvancedSearch -->
</testsuite> <!-- relase 2023.6 -->
