<?xml version="1.0" encoding="UTF-8"?>
<!-- Generated by org.testng.reporters.JUnitXMLReporter -->
<testsuite ignored="0" hostname="Rayhans-MacBook-Air.local" failures="1" tests="3" name="relase 2023.6.1" time="60.855" errors="0" timestamp="2023-06-26T04:07:10 EDT">
  <testcase classname="com.Ebay.tests.Ebay_Home_Sanity" name="searchField" time="7.971">
    <failure type="org.openqa.selenium.NoSuchElementException" message="Unable to locate element: //span[@role=&amp;apos;heading&amp;apos;][contains(text(),&amp;apos;Apple iPhone 11 Pro 64GB Unlocked AT&amp;amp;T T-Mobile Ve&amp;apos;)]
For documentation on this error, please visit: https://www.selenium.dev/documentation/webdriver/troubleshooting/errors#no-such-element-exception
Build info: version: &amp;apos;4.10.0&amp;apos;, revision: &amp;apos;c14d967899&amp;apos;
System info: os.name: &amp;apos;Mac OS X&amp;apos;, os.arch: &amp;apos;aarch64&amp;apos;, os.version: &amp;apos;13.4.1&amp;apos;, java.version: &amp;apos;20.0.1&amp;apos;
Driver info: org.openqa.selenium.firefox.FirefoxDriver
Command: [0ff33ac4-a56f-4df9-86e2-c0c00320e205, findElement {using=xpath, value=//span[@role=&amp;apos;heading&amp;apos;][contains(text(),&amp;apos;Apple iPhone 11 Pro 64GB Unlocked AT&amp;amp;T T-Mobile Ve&amp;apos;)]}]
Capabilities {acceptInsecureCerts: true, browserName: firefox, browserVersion: 114.0.2, moz:accessibilityChecks: false, moz:buildID: 20230619081400, moz:debuggerAddress: 127.0.0.1:20503, moz:geckodriverVersion: 0.33.0, moz:headless: false, moz:platformVersion: 22.5.0, moz:processID: 19403, moz:profile: /var/folders/ny/0jxhfr217tb..., moz:shutdownTimeout: 60000, moz:useNonSpecCompliantPointerOrigin: false, moz:webdriverClick: true, moz:windowless: false, pageLoadStrategy: normal, platformName: mac, proxy: Proxy(), se:cdp: ws://127.0.0.1:20503/devtoo..., se:cdpVersion: 85.0, setWindowRect: true, strictFileInteractability: false, timeouts: {implicit: 0, pageLoad: 300000, script: 30000}, unhandledPromptBehavior: dismiss and notify}
Session ID: 0ff33ac4-a56f-4df9-86e2-c0c00320e205">
      <![CDATA[org.openqa.selenium.NoSuchElementException: Unable to locate element: //span[@role='heading'][contains(text(),'Apple iPhone 11 Pro 64GB Unlocked AT&T T-Mobile Ve')]
For documentation on this error, please visit: https://www.selenium.dev/documentation/webdriver/troubleshooting/errors#no-such-element-exception
Build info: version: '4.10.0', revision: 'c14d967899'
System info: os.name: 'Mac OS X', os.arch: 'aarch64', os.version: '13.4.1', java.version: '20.0.1'
Driver info: org.openqa.selenium.firefox.FirefoxDriver
Command: [0ff33ac4-a56f-4df9-86e2-c0c00320e205, findElement {using=xpath, value=//span[@role='heading'][contains(text(),'Apple iPhone 11 Pro 64GB Unlocked AT&T T-Mobile Ve')]}]
Capabilities {acceptInsecureCerts: true, browserName: firefox, browserVersion: 114.0.2, moz:accessibilityChecks: false, moz:buildID: 20230619081400, moz:debuggerAddress: 127.0.0.1:20503, moz:geckodriverVersion: 0.33.0, moz:headless: false, moz:platformVersion: 22.5.0, moz:processID: 19403, moz:profile: /var/folders/ny/0jxhfr217tb..., moz:shutdownTimeout: 60000, moz:useNonSpecCompliantPointerOrigin: false, moz:webdriverClick: true, moz:windowless: false, pageLoadStrategy: normal, platformName: mac, proxy: Proxy(), se:cdp: ws://127.0.0.1:20503/devtoo..., se:cdpVersion: 85.0, setWindowRect: true, strictFileInteractability: false, timeouts: {implicit: 0, pageLoad: 300000, script: 30000}, unhandledPromptBehavior: dismiss and notify}
Session ID: 0ff33ac4-a56f-4df9-86e2-c0c00320e205
at org.openqa.selenium.remote.codec.w3c.W3CHttpResponseCodec.createException(W3CHttpResponseCodec.java:199)
at org.openqa.selenium.remote.codec.w3c.W3CHttpResponseCodec.decode(W3CHttpResponseCodec.java:132)
at org.openqa.selenium.remote.codec.w3c.W3CHttpResponseCodec.decode(W3CHttpResponseCodec.java:51)
at org.openqa.selenium.remote.HttpCommandExecutor.execute(HttpCommandExecutor.java:191)
at org.openqa.selenium.remote.service.DriverCommandExecutor.invokeExecute(DriverCommandExecutor.java:196)
at org.openqa.selenium.remote.service.DriverCommandExecutor.execute(DriverCommandExecutor.java:171)
at org.openqa.selenium.remote.RemoteWebDriver.execute(RemoteWebDriver.java:531)
at org.openqa.selenium.remote.ElementLocation$ElementFinder$2.findElement(ElementLocation.java:165)
at org.openqa.selenium.remote.ElementLocation.findElement(ElementLocation.java:59)
at org.openqa.selenium.remote.RemoteWebDriver.findElement(RemoteWebDriver.java:350)
at org.openqa.selenium.remote.RemoteWebDriver.findElement(RemoteWebDriver.java:344)
at org.openqa.selenium.support.pagefactory.DefaultElementLocator.findElement(DefaultElementLocator.java:68)
at org.openqa.selenium.support.pagefactory.internal.LocatingElementHandler.invoke(LocatingElementHandler.java:38)
at jdk.proxy2/jdk.proxy2.$Proxy17.getText(Unknown Source)
at com.Ebay.Pages.Ebay_Home_Page.velidateIphoneKeyword(Ebay_Home_Page.java:31)
at com.Ebay.tests.Ebay_Home_Sanity.searchField(Ebay_Home_Sanity.java:15)
at java.base/java.util.ArrayList.forEach(ArrayList.java:1511)
... Removed 28 stack frames]]>
    </failure>
  </testcase> <!-- searchField -->
  <testcase classname="com.Ebay.tests.EbayAdvanchedSearch_Regression" name="ebayAdvancedCetegorySearch" time="4.129"/>
  <testcase classname="com.Ebay.tests.EbayAdvanchedSearch_Regression" name="restAdvancedSearch" time="42.253"/>
</testsuite> <!-- relase 2023.6.1 -->
