<?xml version="1.0" encoding="UTF-8"?>
<testng-results ignored="0" total="1" passed="1" failed="0" skipped="0">
  <reporter-output>
  </reporter-output>
  <suite started-at="2023-06-25T04:17:40 EDT" name="Default suite" finished-at="2023-06-25T04:17:46 EDT" duration-ms="5930">
    <groups>
    </groups>
    <test started-at="2023-06-25T04:17:40 EDT" name="Default test" finished-at="2023-06-25T04:17:46 EDT" duration-ms="5930">
      <class name="com.Ebay.tests.EbayAdvanchedSearch_Regression">
        <test-method is-config="true" signature="setup()[pri:0, instance:com.Ebay.tests.EbayAdvanchedSearch_Regression@50b472aa]" started-at="2023-06-25T04:17:40 EDT" name="setup" finished-at="2023-06-25T04:17:42 EDT" duration-ms="1912" status="PASS">
          <reporter-output>
          </reporter-output>
        </test-method> <!-- setup -->
        <test-method signature="ebayAdvancedCetegorySearch()[pri:0, instance:com.Ebay.tests.EbayAdvanchedSearch_Regression@50b472aa]" started-at="2023-06-25T04:17:42 EDT" name="ebayAdvancedCetegorySearch" finished-at="2023-06-25T04:17:46 EDT" duration-ms="3881" status="PASS">
          <reporter-output>
          </reporter-output>
        </test-method> <!-- ebayAdvancedCetegorySearch -->
        <test-method is-config="true" signature="tearup()[pri:0, instance:com.Ebay.tests.EbayAdvanchedSearch_Regression@50b472aa]" started-at="2023-06-25T04:17:46 EDT" name="tearup" finished-at="2023-06-25T04:17:46 EDT" duration-ms="123" status="PASS">
          <reporter-output>
          </reporter-output>
        </test-method> <!-- tearup -->
      </class> <!-- com.Ebay.tests.EbayAdvanchedSearch_Regression -->
    </test> <!-- Default test -->
  </suite> <!-- Default suite -->
</testng-results>
